2018-01-18 12:12:36,130 - instagram_scraper.app - WARNING - Failed to get media details for Bdyg1eaDmHV
2018-01-18 12:12:36,428 - instagram_scraper.app - WARNING - Failed to get media details for Bdyg1rqDY-_
2018-01-18 12:12:40,261 - instagram_scraper.app - WARNING - Failed to get media details for BcF6Mdilgmy
2018-01-18 12:12:42,620 - instagram_scraper.app - WARNING - Failed to get media details for BcF6MrDlr7-
2018-01-18 12:12:42,951 - instagram_scraper.app - WARNING - Failed to get media details for BcF6MpqFFye
2018-01-18 12:12:43,387 - instagram_scraper.app - WARNING - Failed to get media details for BcF6Mo2lw5m
2018-01-18 12:12:43,722 - instagram_scraper.app - WARNING - Failed to get media details for BcF6Mp2FaNO
2018-01-18 12:12:44,653 - instagram_scraper.app - WARNING - Failed to get media details for BcF6MqYFvip
2018-01-18 12:12:45,897 - instagram_scraper.app - WARNING - Failed to get media details for BbxlKb7DvAz
2018-01-18 12:12:46,230 - instagram_scraper.app - WARNING - Failed to get media details for BbxlLEXDNCe
2018-01-18 12:12:54,408 - instagram_scraper.app - WARNING - Failed to get media details for BUhm7hzggr_
2018-01-18 12:12:54,762 - instagram_scraper.app - WARNING - Failed to get media details for BUhm6UyAg_U
2018-01-18 12:12:55,110 - instagram_scraper.app - WARNING - Failed to get media details for BUhm64vg5EC
2018-01-18 12:12:55,438 - instagram_scraper.app - WARNING - Failed to get media details for BUhm6t0gvDu
2018-01-18 12:12:55,814 - instagram_scraper.app - WARNING - Failed to get media details for BUhm7f8ASEV
2018-01-18 12:13:01,696 - instagram_scraper.app - WARNING - Failed to get media details for BTPRJAjg7yi
2018-01-18 12:13:02,045 - instagram_scraper.app - WARNING - Failed to get media details for BTPRJQcgeeP
2018-01-18 12:13:02,386 - instagram_scraper.app - WARNING - Failed to get media details for BTPRJcwgN6Q
2018-01-18 12:13:02,720 - instagram_scraper.app - WARNING - Failed to get media details for BTPRJftg2J5
2018-01-18 12:13:03,618 - instagram_scraper.app - WARNING - Failed to get media details for BTPRJ0-guN9
2018-01-18 12:13:10,058 - instagram_scraper.app - WARNING - Failed to get media details for Bc8AigvgLM-
2018-01-18 12:13:10,394 - instagram_scraper.app - WARNING - Failed to get media details for Bc8Aipqgw0Q
2018-01-18 12:13:10,754 - instagram_scraper.app - WARNING - Failed to get media details for Bc8Ait2gAOX
2018-01-18 12:13:13,355 - instagram_scraper.app - WARNING - Failed to get media details for BcGF1vIgLqI
2018-01-18 12:13:13,684 - instagram_scraper.app - WARNING - Failed to get media details for BcGF2N5Aw7X
2018-01-18 12:13:14,567 - instagram_scraper.app - WARNING - Failed to get media details for BcDekyqAvvP
2018-01-18 12:13:15,068 - instagram_scraper.app - WARNING - Failed to get media details for BcDekxnAvBz
2018-01-18 12:13:15,479 - instagram_scraper.app - WARNING - Failed to get media details for BcDekT0Agg9
2018-01-18 12:13:20,763 - instagram_scraper.app - WARNING - Failed to get media details for BakYqppAuTP
2018-01-18 12:13:21,211 - instagram_scraper.app - WARNING - Failed to get media details for BakYq6og7GY
2018-01-18 12:13:23,445 - instagram_scraper.app - WARNING - Failed to get media details for BZ30K49As4f
2018-01-18 12:13:23,797 - instagram_scraper.app - WARNING - Failed to get media details for BZ30LYkATU-
2018-01-18 12:13:28,586 - instagram_scraper.app - WARNING - Failed to get media details for BW7-7PqA9Yb
2018-01-18 12:13:28,994 - instagram_scraper.app - WARNING - Failed to get media details for BW7-4pjgtfj
2018-01-18 12:13:29,466 - instagram_scraper.app - WARNING - Failed to get media details for BW7-61oAR7n
2018-01-18 12:13:30,018 - instagram_scraper.app - WARNING - Failed to get media details for BW7-5JJAy5T
2018-01-18 12:13:30,487 - instagram_scraper.app - WARNING - Failed to get media details for BW7-7UvAccX
2018-01-18 12:13:31,043 - instagram_scraper.app - WARNING - Failed to get media details for BW7-7wGg-P3
2018-01-18 12:13:31,476 - instagram_scraper.app - WARNING - Failed to get media details for BW7-8evA6ya
2018-01-18 12:13:31,914 - instagram_scraper.app - WARNING - Failed to get media details for BW7-8eCAhTA
2018-01-18 12:13:32,381 - instagram_scraper.app - WARNING - Failed to get media details for BW7-74ggQ4c
2018-01-18 12:13:48,497 - instagram_scraper.app - WARNING - Failed to get media details for BbaSZ2UlPNd
2018-01-18 12:13:48,879 - instagram_scraper.app - WARNING - Failed to get media details for BbaSZ4hFfHd
2018-01-18 12:13:49,220 - instagram_scraper.app - WARNING - Failed to get media details for BbaSZ6XF_S_
2018-01-18 12:13:51,010 - instagram_scraper.app - WARNING - Failed to get media details for BbaSZ8rF043
2018-01-18 12:14:07,253 - instagram_scraper.app - WARNING - Failed to get media details for BdwKnkOl6I1
2018-01-18 12:14:07,570 - instagram_scraper.app - WARNING - Failed to get media details for BdwKoNJFhtw
2018-01-18 12:14:15,458 - instagram_scraper.app - WARNING - Failed to get media details for BcvEaDfljVw
2018-01-18 12:14:15,802 - instagram_scraper.app - WARNING - Failed to get media details for BcvEaKwFQi3
2018-01-18 12:14:16,144 - instagram_scraper.app - WARNING - Failed to get media details for BcvEaEgFgtC
2018-01-18 12:14:17,274 - instagram_scraper.app - WARNING - Failed to get media details for Bcn1dXwltbW
2018-01-18 12:14:17,654 - instagram_scraper.app - WARNING - Failed to get media details for Bcn1fFhljIn
2018-01-18 12:14:18,003 - instagram_scraper.app - WARNING - Failed to get media details for Bcn1fH1l3yZ
2018-01-18 12:14:18,655 - instagram_scraper.app - WARNING - Failed to get media details for BcnuxLIF1j_
2018-01-18 12:14:18,964 - instagram_scraper.app - WARNING - Failed to get media details for BcnuxLjlnRg
2018-01-18 12:14:19,775 - instagram_scraper.app - WARNING - Failed to get media details for Bcky_HcFhUG
2018-01-18 12:14:20,132 - instagram_scraper.app - WARNING - Failed to get media details for Bcky_INF3fb
2018-01-18 12:14:21,545 - instagram_scraper.app - WARNING - Failed to get media details for BcdKRurlGRM
2018-01-18 12:14:21,919 - instagram_scraper.app - WARNING - Failed to get media details for BcdKSHTFTTj
2018-01-18 12:14:22,250 - instagram_scraper.app - WARNING - Failed to get media details for BcdKSGkF6db
2018-01-18 12:14:24,145 - instagram_scraper.app - WARNING - Failed to get media details for BcS5ZpVF-Hn
2018-01-18 12:14:26,280 - instagram_scraper.app - WARNING - Failed to get media details for BcS5aFEFfxr
2018-01-18 12:14:26,604 - instagram_scraper.app - WARNING - Failed to get media details for BcS5ZvVF1ld
2018-01-18 12:14:27,314 - instagram_scraper.app - WARNING - Failed to get media details for BcQvWBwFo5Z
2018-01-18 12:14:27,638 - instagram_scraper.app - WARNING - Failed to get media details for BcQvW3DFbzS
2018-01-18 12:14:27,983 - instagram_scraper.app - WARNING - Failed to get media details for BcQvWOOlBuo
2018-01-18 12:14:28,299 - instagram_scraper.app - WARNING - Failed to get media details for BcQvWRgF8hu
2018-01-18 12:14:30,432 - instagram_scraper.app - WARNING - Failed to get media details for BcFqed9lp8J
2018-01-18 12:14:30,778 - instagram_scraper.app - WARNING - Failed to get media details for BcFqeuzlzZ1
2018-01-18 12:14:32,188 - instagram_scraper.app - WARNING - Failed to get media details for Bb-Z9qCFaC6
2018-01-18 12:14:32,516 - instagram_scraper.app - WARNING - Failed to get media details for Bb-Z9urFiRG
2018-01-18 12:14:45,542 - instagram_scraper.app - WARNING - Failed to get media details for BaIQzZRjcbg
2018-01-18 12:14:46,074 - instagram_scraper.app - WARNING - Failed to get media details for BaIQzlVDaxV
2018-01-18 12:14:46,674 - instagram_scraper.app - WARNING - Failed to get media details for BaIQzvVDBhx
2018-01-18 12:14:48,008 - instagram_scraper.app - WARNING - Failed to get media details for BZ7txCnjlph
2018-01-18 12:14:48,359 - instagram_scraper.app - WARNING - Failed to get media details for BZ7txHJj-SC
2018-01-18 12:14:49,871 - instagram_scraper.app - WARNING - Failed to get media details for BZptQcmDONM
2018-01-18 12:14:50,199 - instagram_scraper.app - WARNING - Failed to get media details for BZptQhLD-od
2018-01-18 12:14:50,537 - instagram_scraper.app - WARNING - Failed to get media details for BZptQl7DUpa
2018-01-18 12:14:52,769 - instagram_scraper.app - WARNING - Failed to get media details for BZW7KxojByp
2018-01-18 12:14:53,122 - instagram_scraper.app - WARNING - Failed to get media details for BZW7KrsDPy1
2018-01-18 12:14:53,520 - instagram_scraper.app - WARNING - Failed to get media details for BZW7K1fD6Em
2018-01-18 12:14:54,240 - instagram_scraper.app - WARNING - Failed to get media details for BZW7IHqD-nJ
2018-01-18 12:14:54,570 - instagram_scraper.app - WARNING - Failed to get media details for BZW7IErDQ8d
2018-01-18 12:14:55,367 - instagram_scraper.app - WARNING - Failed to get media details for BZM7x-jjLyz
2018-01-18 12:14:55,682 - instagram_scraper.app - WARNING - Failed to get media details for BZM7yM1jbwv
2018-01-18 12:14:57,425 - instagram_scraper.app - WARNING - Failed to get media details for BZIFWQ_g360
2018-01-18 12:14:57,721 - instagram_scraper.app - WARNING - Failed to get media details for BZIFg-JAMI4
2018-01-18 12:14:58,969 - instagram_scraper.app - WARNING - Failed to get media details for BYvyGivjzqY
2018-01-18 12:14:59,298 - instagram_scraper.app - WARNING - Failed to get media details for BYvyGnCjrQX
2018-01-18 12:14:59,619 - instagram_scraper.app - WARNING - Failed to get media details for BYvyGr3jpFO
2018-01-18 12:15:01,615 - instagram_scraper.app - WARNING - Failed to get media details for BUpwSZwjdEE
2018-01-18 12:15:01,961 - instagram_scraper.app - WARNING - Failed to get media details for BUpwSdRDhW2
2018-01-18 12:15:02,310 - instagram_scraper.app - WARNING - Failed to get media details for BUpwSd6DY0j
2018-01-18 12:15:02,666 - instagram_scraper.app - WARNING - Failed to get media details for BUpwSeUjBZv
2018-01-18 12:15:12,175 - instagram_scraper.app - WARNING - Failed to get media details for Bd1VAdpAKg7
2018-01-18 12:15:12,525 - instagram_scraper.app - WARNING - Failed to get media details for Bd1VAlCghHR
2018-01-18 12:15:12,899 - instagram_scraper.app - WARNING - Failed to get media details for Bd1VAsPAaAR
2018-01-18 12:15:13,705 - instagram_scraper.app - WARNING - Failed to get media details for BdxV0uPAaFc
2018-01-18 12:15:14,039 - instagram_scraper.app - WARNING - Failed to get media details for BdxV02LgjjK
2018-01-18 12:15:14,563 - instagram_scraper.app - WARNING - Failed to get media details for Bdu9w7HgGud
2018-01-18 12:15:14,906 - instagram_scraper.app - WARNING - Failed to get media details for Bdu9wrvAv49
2018-01-18 12:15:15,323 - instagram_scraper.app - WARNING - Failed to get media details for Bdu9vvEAPWF
2018-01-18 12:15:16,385 - instagram_scraper.app - WARNING - Failed to get media details for Bdq4_1pgOay
2018-01-18 12:15:16,754 - instagram_scraper.app - WARNING - Failed to get media details for Bdq5AE6A-jx
2018-01-18 12:15:17,127 - instagram_scraper.app - WARNING - Failed to get media details for Bdq5AHwgRF3
2018-01-18 12:15:17,477 - instagram_scraper.app - WARNING - Failed to get media details for Bdq5AK6A7Hh
2018-01-18 12:15:18,081 - instagram_scraper.app - WARNING - Failed to get media details for Bdq3LskgAso
2018-01-18 12:15:18,469 - instagram_scraper.app - WARNING - Failed to get media details for Bdq3L1-goYF
2018-01-18 12:15:18,820 - instagram_scraper.app - WARNING - Failed to get media details for Bdq3L2AgoJw
2018-01-18 12:15:22,058 - instagram_scraper.app - WARNING - Failed to get media details for BdD9S74gDss
2018-01-18 12:15:22,410 - instagram_scraper.app - WARNING - Failed to get media details for BdD9TBlAz9z
2018-01-18 12:15:23,705 - instagram_scraper.app - WARNING - Failed to get media details for Bc-zlYvAmNF
2018-01-18 12:15:24,213 - instagram_scraper.app - WARNING - Failed to get media details for Bc-zlcAgl9g
2018-01-18 12:15:25,736 - instagram_scraper.app - WARNING - Failed to get media details for Bc3e1Bxg1qa
2018-01-18 12:15:26,130 - instagram_scraper.app - WARNING - Failed to get media details for Bc3e1IMAU7i
2018-01-18 12:15:26,651 - instagram_scraper.app - WARNING - Failed to get media details for Bc3e1PjgD_5
2018-01-18 12:15:28,460 - instagram_scraper.app - WARNING - Failed to get media details for BcljiZLAmnM
2018-01-18 12:15:28,822 - instagram_scraper.app - WARNING - Failed to get media details for BcljidggDJc
2018-01-18 12:15:30,038 - instagram_scraper.app - WARNING - Failed to get media details for BcYZqEtAXYm
2018-01-18 12:15:30,450 - instagram_scraper.app - WARNING - Failed to get media details for BcYZqPMAjiN
2018-01-18 12:15:30,774 - instagram_scraper.app - WARNING - Failed to get media details for BcYZqVWgil0
2018-01-18 12:15:31,589 - instagram_scraper.app - WARNING - Failed to get media details for BcYUXlDAnMZ
2018-01-18 12:15:31,919 - instagram_scraper.app - WARNING - Failed to get media details for BcYUXmXAvuy
2018-01-18 12:15:34,759 - instagram_scraper.app - WARNING - Failed to get media details for BcGfLpKAswa
2018-01-18 12:15:35,106 - instagram_scraper.app - WARNING - Failed to get media details for BcGfL0AAYFR
2018-01-18 12:15:35,446 - instagram_scraper.app - WARNING - Failed to get media details for BcGfL3-gI9H
2018-01-18 12:15:36,166 - instagram_scraper.app - WARNING - Failed to get media details for Bb-OuBBBKcT
2018-01-18 12:15:36,603 - instagram_scraper.app - WARNING - Failed to get media details for Bb-OuI7BDaq
2018-01-18 12:15:36,995 - instagram_scraper.app - WARNING - Failed to get media details for Bb-OuPfh53F
2018-01-18 12:15:44,584 - instagram_scraper.app - WARNING - Retry after exception PartialContentException('Partial response',) on https://scontent-ort2-1.cdninstagram.com/t51.2885-19/18580798_446479132381266_6599163314104696832_a.jpg
2018-01-18 12:15:47,590 - instagram_scraper.app - WARNING - Failed to get media details for BeEkbQPlj-R
2018-01-18 12:15:48,060 - instagram_scraper.app - WARNING - Failed to get media details for BeEkbZnFx4B
2018-01-18 12:15:48,459 - instagram_scraper.app - WARNING - Failed to get media details for BeEkbfHFqJx
2018-01-18 12:15:50,898 - instagram_scraper.app - WARNING - Failed to get media details for BdlADwZlb8r
2018-01-18 12:15:51,388 - instagram_scraper.app - WARNING - Failed to get media details for BdlAEBYFyXa
2018-01-18 12:15:51,801 - instagram_scraper.app - WARNING - Failed to get media details for BdlAEH0Fm2n
2018-01-18 12:15:52,240 - instagram_scraper.app - WARNING - Failed to get media details for BdlAEJ_FPth
2018-01-18 12:15:56,105 - instagram_scraper.app - WARNING - Failed to get media details for BdBOrFPFGDD
2018-01-18 12:15:56,777 - instagram_scraper.app - WARNING - Failed to get media details for BdBOrbKFJ-W
2018-01-18 12:15:57,291 - instagram_scraper.app - WARNING - Failed to get media details for BdBOrpulFDw
2018-01-18 12:15:58,762 - instagram_scraper.app - WARNING - Failed to get media details for Bc73Jhwlp-3
2018-01-18 12:15:59,238 - instagram_scraper.app - WARNING - Failed to get media details for Bc73JiFlMfl
2018-01-18 12:15:59,616 - instagram_scraper.app - WARNING - Failed to get media details for Bc73JkSl2Z6
2018-01-18 12:15:59,975 - instagram_scraper.app - WARNING - Failed to get media details for Bc73J6AFIff
2018-01-18 12:16:00,372 - instagram_scraper.app - WARNING - Failed to get media details for Bc73J7DFR36
2018-01-18 12:16:00,767 - instagram_scraper.app - WARNING - Retry after exception ChunkedEncodingError(ProtocolError("Connection broken: ConnectionResetError(54, 'Connection reset by peer')", ConnectionResetError(54, 'Connection reset by peer')),) on https://www.instagram.com/p/Bc73J8ilwjf/?__a=1
2018-01-18 12:16:06,342 - instagram_scraper.app - WARNING - Failed to get media details for Bc73J8ilwjf
2018-01-18 12:16:07,185 - instagram_scraper.app - WARNING - Failed to get media details for Bc23UJzle8W
2018-01-18 12:16:07,711 - instagram_scraper.app - WARNING - Failed to get media details for Bc23UUtlbWa
2018-01-18 12:16:08,092 - instagram_scraper.app - WARNING - Failed to get media details for Bc23UjlFLyL
2018-01-18 12:16:08,443 - instagram_scraper.app - WARNING - Failed to get media details for Bc23VJLFyYl
2018-01-18 12:16:08,797 - instagram_scraper.app - WARNING - Failed to get media details for Bc23VRnFdVF
2018-01-18 12:16:09,203 - instagram_scraper.app - WARNING - Failed to get media details for Bc23VYxlxgm
2018-01-18 12:16:09,577 - instagram_scraper.app - WARNING - Failed to get media details for Bc23VniFIgN
2018-01-18 12:16:10,375 - instagram_scraper.app - WARNING - Failed to get media details for Bc2oVcPFwiH
2018-01-18 12:16:10,740 - instagram_scraper.app - WARNING - Failed to get media details for Bc2oVezFR3H
2018-01-18 12:16:11,109 - instagram_scraper.app - WARNING - Failed to get media details for Bc2oViAF-4H
2018-01-18 12:16:12,803 - instagram_scraper.app - WARNING - Failed to get media details for BcnQxAZljkZ
2018-01-18 12:16:13,181 - instagram_scraper.app - WARNING - Failed to get media details for BcnQxCRFIMq
2018-01-18 12:16:13,557 - instagram_scraper.app - WARNING - Failed to get media details for BcnQw_EFMmy
2018-01-18 12:16:13,927 - instagram_scraper.app - WARNING - Failed to get media details for BcnQxuzFRFa
2018-01-18 12:16:14,338 - instagram_scraper.app - WARNING - Failed to get media details for BcnQybtlmDW
2018-01-18 12:16:14,689 - instagram_scraper.app - WARNING - Failed to get media details for BcnQy5kFa_S
2018-01-18 12:16:15,040 - instagram_scraper.app - WARNING - Failed to get media details for BcnQy_cFv-8
2018-01-18 12:16:16,023 - instagram_scraper.app - WARNING - Failed to get media details for BckssKKl2Rd
2018-01-18 12:16:17,030 - instagram_scraper.app - WARNING - Failed to get media details for Bckssv2F0_d
2018-01-18 12:16:17,547 - instagram_scraper.app - WARNING - Failed to get media details for Bckss3DFgU3
2018-01-18 12:16:18,360 - instagram_scraper.app - WARNING - Failed to get media details for BckstATF5LT
2018-01-18 12:16:18,748 - instagram_scraper.app - WARNING - Failed to get media details for BckstvAF5S0
2018-01-18 12:16:19,145 - instagram_scraper.app - WARNING - Failed to get media details for BcksuI_lGYj
2018-01-18 12:16:19,655 - instagram_scraper.app - WARNING - Failed to get media details for BcksuYYlSpt
2018-01-18 12:16:20,062 - instagram_scraper.app - WARNING - Failed to get media details for Bcks2DvFRQ2
2018-01-18 12:16:21,487 - instagram_scraper.app - WARNING - Failed to get media details for Bcc1N_kFvZE
2018-01-18 12:16:21,843 - instagram_scraper.app - WARNING - Failed to get media details for Bcc1XPJlQPP
2018-01-18 12:16:22,181 - instagram_scraper.app - WARNING - Failed to get media details for Bcc1WYrFDv5
2018-01-18 12:16:22,586 - instagram_scraper.app - WARNING - Failed to get media details for Bcc1RXhF5Tf
2018-01-18 12:16:22,939 - instagram_scraper.app - WARNING - Failed to get media details for Bcc1WYBlmEm
2018-01-18 12:16:24,304 - instagram_scraper.app - WARNING - Failed to get media details for BcTg03alFQB
2018-01-18 12:16:24,691 - instagram_scraper.app - WARNING - Failed to get media details for BcTg5Ualvim
2018-01-18 12:16:25,075 - instagram_scraper.app - WARNING - Failed to get media details for BcTg54ClD_C
2018-01-18 12:16:25,468 - instagram_scraper.app - WARNING - Failed to get media details for BcTg4W2lu-E
2018-01-18 12:16:25,864 - instagram_scraper.app - WARNING - Failed to get media details for BcTg6ATlkn0
2018-01-18 12:16:28,564 - instagram_scraper.app - WARNING - Failed to get media details for BcA8itDF4L7
2018-01-18 12:16:28,992 - instagram_scraper.app - WARNING - Failed to get media details for BcA8frOFfYr
2018-01-18 12:16:29,525 - instagram_scraper.app - WARNING - Failed to get media details for BcA8fKWFiAe
2018-01-18 12:16:29,860 - instagram_scraper.app - WARNING - Failed to get media details for BcA8hPZlWP0
2018-01-18 12:16:32,187 - instagram_scraper.app - WARNING - Failed to get media details for Bbufd49lBFI
2018-01-18 12:16:32,903 - instagram_scraper.app - WARNING - Failed to get media details for BbufeVZFiSI
2018-01-18 12:16:33,367 - instagram_scraper.app - WARNING - Failed to get media details for BbufdqElLlq
2018-01-18 12:16:33,770 - instagram_scraper.app - WARNING - Failed to get media details for BbufdcBFXQO
2018-01-18 12:16:34,217 - instagram_scraper.app - WARNING - Failed to get media details for BbufdwxF2dU
2018-01-18 12:16:34,959 - instagram_scraper.app - WARNING - Failed to get media details for Bbufd3JFXvy
2018-01-18 12:16:35,668 - instagram_scraper.app - WARNING - Failed to get media details for Bbufeftl1tH
2018-01-18 12:16:36,078 - instagram_scraper.app - WARNING - Failed to get media details for Bbufe0ml5wY
2018-01-18 12:16:36,590 - instagram_scraper.app - WARNING - Failed to get media details for Bbufe58FhQg
2018-01-18 12:16:36,972 - instagram_scraper.app - WARNING - Failed to get media details for Bbufe6pFOvw
2018-01-18 12:16:38,731 - instagram_scraper.app - WARNING - Failed to get media details for BbcjC9WFDnB
2018-01-18 12:16:39,076 - instagram_scraper.app - WARNING - Failed to get media details for Bbci-evF2aQ
2018-01-18 12:16:39,485 - instagram_scraper.app - WARNING - Failed to get media details for Bbci-Y0lAv7
2018-01-18 12:16:39,852 - instagram_scraper.app - WARNING - Failed to get media details for BbcjA_8Fm7X
2018-01-18 12:16:43,787 - instagram_scraper.app - WARNING - Retry after exception HTTPError('403 Client Error: Forbidden for url: https://scontent-ort2-1.cdninstagram.com/vp/f7051f189230f052ecb4e5e3d6c8f2d1/5ADD44D7/t51.2885-15/e15/fr/26152083_1283068861793711_4665387523537633280_n.jpg',) on https://scontent-ort2-1.cdninstagram.com/vp/f7051f189230f052ecb4e5e3d6c8f2d1/5ADD44D7/t51.2885-15/e15/fr/26152083_1283068861793711_4665387523537633280_n.jpg
2018-01-18 12:16:44,441 - instagram_scraper.app - WARNING - Retry after exception HTTPError('403 Client Error: Forbidden for url: https://scontent-ort2-1.cdninstagram.com/vp/a731f4e0d08156a80e43ecef9b5b147e/5AF3D8CF/t51.2885-15/e15/fr/26153179_1728171413881403_5674798257931288576_n.jpg',) on https://scontent-ort2-1.cdninstagram.com/vp/a731f4e0d08156a80e43ecef9b5b147e/5AF3D8CF/t51.2885-15/e15/fr/26153179_1728171413881403_5674798257931288576_n.jpg
2018-01-18 12:16:48,819 - instagram_scraper.app - WARNING - Retry after exception HTTPError('403 Client Error: Forbidden for url: https://scontent-ort2-1.cdninstagram.com/vp/f7051f189230f052ecb4e5e3d6c8f2d1/5ADD44D7/t51.2885-15/e15/fr/26152083_1283068861793711_4665387523537633280_n.jpg',) on https://scontent-ort2-1.cdninstagram.com/vp/f7051f189230f052ecb4e5e3d6c8f2d1/5ADD44D7/t51.2885-15/e15/fr/26152083_1283068861793711_4665387523537633280_n.jpg
2018-01-18 12:16:49,819 - instagram_scraper.app - WARNING - Retry after exception HTTPError('403 Client Error: Forbidden for url: https://scontent-ort2-1.cdninstagram.com/vp/a731f4e0d08156a80e43ecef9b5b147e/5AF3D8CF/t51.2885-15/e15/fr/26153179_1728171413881403_5674798257931288576_n.jpg',) on https://scontent-ort2-1.cdninstagram.com/vp/a731f4e0d08156a80e43ecef9b5b147e/5AF3D8CF/t51.2885-15/e15/fr/26153179_1728171413881403_5674798257931288576_n.jpg
2018-01-18 12:16:58,924 - instagram_scraper.app - WARNING - Retry after exception HTTPError('403 Client Error: Forbidden for url: https://scontent-ort2-1.cdninstagram.com/vp/f7051f189230f052ecb4e5e3d6c8f2d1/5ADD44D7/t51.2885-15/e15/fr/26152083_1283068861793711_4665387523537633280_n.jpg',) on https://scontent-ort2-1.cdninstagram.com/vp/f7051f189230f052ecb4e5e3d6c8f2d1/5ADD44D7/t51.2885-15/e15/fr/26152083_1283068861793711_4665387523537633280_n.jpg
2018-01-18 12:16:59,929 - instagram_scraper.app - WARNING - Retry after exception HTTPError('403 Client Error: Forbidden for url: https://scontent-ort2-1.cdninstagram.com/vp/a731f4e0d08156a80e43ecef9b5b147e/5AF3D8CF/t51.2885-15/e15/fr/26153179_1728171413881403_5674798257931288576_n.jpg',) on https://scontent-ort2-1.cdninstagram.com/vp/a731f4e0d08156a80e43ecef9b5b147e/5AF3D8CF/t51.2885-15/e15/fr/26153179_1728171413881403_5674798257931288576_n.jpg
2018-01-18 12:17:19,061 - instagram_scraper.app - WARNING - Retry after exception HTTPError('403 Client Error: Forbidden for url: https://scontent-ort2-1.cdninstagram.com/vp/f7051f189230f052ecb4e5e3d6c8f2d1/5ADD44D7/t51.2885-15/e15/fr/26152083_1283068861793711_4665387523537633280_n.jpg',) on https://scontent-ort2-1.cdninstagram.com/vp/f7051f189230f052ecb4e5e3d6c8f2d1/5ADD44D7/t51.2885-15/e15/fr/26152083_1283068861793711_4665387523537633280_n.jpg
2018-01-18 12:17:20,065 - instagram_scraper.app - WARNING - Retry after exception HTTPError('403 Client Error: Forbidden for url: https://scontent-ort2-1.cdninstagram.com/vp/a731f4e0d08156a80e43ecef9b5b147e/5AF3D8CF/t51.2885-15/e15/fr/26153179_1728171413881403_5674798257931288576_n.jpg',) on https://scontent-ort2-1.cdninstagram.com/vp/a731f4e0d08156a80e43ecef9b5b147e/5AF3D8CF/t51.2885-15/e15/fr/26153179_1728171413881403_5674798257931288576_n.jpg
2018-01-18 12:17:59,324 - instagram_scraper.app - WARNING - Retry after exception HTTPError('403 Client Error: Forbidden for url: https://scontent-ort2-1.cdninstagram.com/vp/f7051f189230f052ecb4e5e3d6c8f2d1/5ADD44D7/t51.2885-15/e15/fr/26152083_1283068861793711_4665387523537633280_n.jpg',) on https://scontent-ort2-1.cdninstagram.com/vp/f7051f189230f052ecb4e5e3d6c8f2d1/5ADD44D7/t51.2885-15/e15/fr/26152083_1283068861793711_4665387523537633280_n.jpg
2018-01-18 12:18:00,287 - instagram_scraper.app - WARNING - Retry after exception HTTPError('403 Client Error: Forbidden for url: https://scontent-ort2-1.cdninstagram.com/vp/a731f4e0d08156a80e43ecef9b5b147e/5AF3D8CF/t51.2885-15/e15/fr/26153179_1728171413881403_5674798257931288576_n.jpg',) on https://scontent-ort2-1.cdninstagram.com/vp/a731f4e0d08156a80e43ecef9b5b147e/5AF3D8CF/t51.2885-15/e15/fr/26153179_1728171413881403_5674798257931288576_n.jpg
2018-01-18 12:18:59,669 - instagram_scraper.app - INFO - The user has chosen to ignore https://scontent-ort2-1.cdninstagram.com/vp/f7051f189230f052ecb4e5e3d6c8f2d1/5ADD44D7/t51.2885-15/e15/fr/26152083_1283068861793711_4665387523537633280_n.jpg
2018-01-18 12:19:00,563 - instagram_scraper.app - INFO - The user has chosen to ignore https://scontent-ort2-1.cdninstagram.com/vp/a731f4e0d08156a80e43ecef9b5b147e/5AF3D8CF/t51.2885-15/e15/fr/26153179_1728171413881403_5674798257931288576_n.jpg
2018-01-18 12:19:04,857 - instagram_scraper.app - WARNING - Failed to get media details for Bda1S3qnxhh
2018-01-18 12:19:05,232 - instagram_scraper.app - WARNING - Failed to get media details for Bda1S5FH6WU
2018-01-18 12:19:13,523 - instagram_scraper.app - WARNING - Failed to get media details for BazlNtRnBIz
2018-01-18 12:19:13,892 - instagram_scraper.app - WARNING - Failed to get media details for BazlN5jH74D
2018-01-18 12:19:14,265 - instagram_scraper.app - WARNING - Failed to get media details for BazlOF8n8kb
2018-01-18 12:19:14,708 - instagram_scraper.app - WARNING - Failed to get media details for BazlOThn3Xg
2018-01-18 12:19:15,127 - instagram_scraper.app - WARNING - Failed to get media details for BazlOdBnO68
2018-01-18 12:19:16,203 - instagram_scraper.app - WARNING - Failed to get media details for BahlfIlHeW5
2018-01-18 12:19:16,526 - instagram_scraper.app - WARNING - Failed to get media details for BahlfNAnUZl
2018-01-18 12:19:21,965 - instagram_scraper.app - WARNING - Failed to get media details for BYOkST1nR_B
2018-01-18 12:19:22,373 - instagram_scraper.app - WARNING - Failed to get media details for BYOkSOLH9xn
2018-01-18 12:19:22,953 - instagram_scraper.app - WARNING - Failed to get media details for BX8wS8QHojW
2018-01-18 12:19:23,321 - instagram_scraper.app - WARNING - Failed to get media details for BX8wS6cnKex
2018-01-18 12:19:23,658 - instagram_scraper.app - WARNING - Failed to get media details for BX8wTAKHn1G
2018-01-18 12:19:23,997 - instagram_scraper.app - WARNING - Failed to get media details for BX8wTEIHOa6
2018-01-18 12:19:32,141 - instagram_scraper.app - WARNING - Failed to get media details for BeD6_0slasv
2018-01-18 12:19:32,521 - instagram_scraper.app - WARNING - Failed to get media details for BeD6_5oF7o3
2018-01-18 12:19:32,915 - instagram_scraper.app - WARNING - Failed to get media details for BeD6_8rleS0
2018-01-18 12:19:33,587 - instagram_scraper.app - WARNING - Failed to get media details for BeBYs-jlhnr
2018-01-18 12:19:33,937 - instagram_scraper.app - WARNING - Failed to get media details for BeBYtP0FyTS
2018-01-18 12:19:34,357 - instagram_scraper.app - WARNING - Failed to get media details for BeBYtT5F5_A
2018-01-18 12:19:34,715 - instagram_scraper.app - WARNING - Failed to get media details for BeBYtDDlxIQ
2018-01-18 12:19:36,706 - instagram_scraper.app - WARNING - Failed to get media details for BdtLBYtFKib
2018-01-18 12:19:37,057 - instagram_scraper.app - WARNING - Failed to get media details for BdtLBgZF8Ke
2018-01-18 12:19:37,420 - instagram_scraper.app - WARNING - Failed to get media details for BdtLBhcFWpl
2018-01-18 12:19:38,118 - instagram_scraper.app - WARNING - Failed to get media details for BdrFb5XFPBw
2018-01-18 12:19:38,478 - instagram_scraper.app - WARNING - Failed to get media details for BdrFcQWld99
2018-01-18 12:19:38,854 - instagram_scraper.app - WARNING - Failed to get media details for BdrFcb6Fs5E
2018-01-18 12:19:39,290 - instagram_scraper.app - WARNING - Failed to get media details for BdrFcaLlKra
2018-01-18 12:19:39,652 - instagram_scraper.app - WARNING - Failed to get media details for BdrFcZTFIkr
2018-01-18 12:19:40,075 - instagram_scraper.app - WARNING - Failed to get media details for BdrFcLDld2J
2018-01-18 12:19:40,461 - instagram_scraper.app - WARNING - Failed to get media details for BdrFcumFgDs
2018-01-18 12:19:41,523 - instagram_scraper.app - WARNING - Failed to get media details for Bdk21fVF5WY
2018-01-18 12:19:42,306 - instagram_scraper.app - WARNING - Failed to get media details for Bdk21QpFnS8
2018-01-18 12:19:43,017 - instagram_scraper.app - WARNING - Failed to get media details for Bdk21qUFOBk
2018-01-18 12:19:43,867 - instagram_scraper.app - WARNING - Failed to get media details for Bdk23jjlqGi
2018-01-18 12:19:45,645 - instagram_scraper.app - WARNING - Failed to get media details for BdQvHvaF8e3
2018-01-18 12:19:45,991 - instagram_scraper.app - WARNING - Failed to get media details for BdQvLJxFu6x
2018-01-18 12:19:46,357 - instagram_scraper.app - WARNING - Failed to get media details for BdQvL30lV5-
2018-01-18 12:19:46,723 - instagram_scraper.app - WARNING - Failed to get media details for BdQvL8pFEer
2018-01-18 12:19:48,172 - instagram_scraper.app - WARNING - Failed to get media details for BdDwKE0l6dJ
2018-01-18 12:19:48,472 - instagram_scraper.app - WARNING - Failed to get media details for BdDwKGLl15F
2018-01-18 12:19:48,799 - instagram_scraper.app - WARNING - Failed to get media details for BdDwKHdl3JB
2018-01-18 12:19:51,030 - instagram_scraper.app - WARNING - Failed to get media details for BcvfDYKleMw
2018-01-18 12:19:51,390 - instagram_scraper.app - WARNING - Failed to get media details for BcvfDYIF_zP
2018-01-18 12:19:51,741 - instagram_scraper.app - WARNING - Failed to get media details for BcvfDUBF7Cv
2018-01-18 12:19:52,104 - instagram_scraper.app - WARNING - Failed to get media details for BcvfDYuFvoP
2018-01-18 12:19:53,800 - instagram_scraper.app - WARNING - Failed to get media details for Bcs4CNzF2ag
2018-01-18 12:19:54,242 - instagram_scraper.app - WARNING - Failed to get media details for Bcs4D50FPbc
2018-01-18 12:19:54,613 - instagram_scraper.app - WARNING - Failed to get media details for Bcs4EpYlBZ-
2018-01-18 12:19:55,010 - instagram_scraper.app - WARNING - Failed to get media details for Bcs4EwTl6bf
2018-01-18 12:19:55,401 - instagram_scraper.app - WARNING - Failed to get media details for Bcs4EBWlbD5
2018-01-18 12:19:55,781 - instagram_scraper.app - WARNING - Failed to get media details for Bcs4Dz2F0p6
2018-01-18 12:19:56,188 - instagram_scraper.app - WARNING - Failed to get media details for Bcs4FWKlmTC
2018-01-18 12:19:56,627 - instagram_scraper.app - WARNING - Failed to get media details for Bcs4FupFuqa
2018-01-18 12:19:56,989 - instagram_scraper.app - WARNING - Failed to get media details for Bcs4F_Ml9m2
2018-01-18 12:19:57,402 - instagram_scraper.app - WARNING - Failed to get media details for Bcs4GCMFAyN
2018-01-18 12:19:59,939 - instagram_scraper.app - WARNING - Failed to get media details for BcYPt6nl1Mf
2018-01-18 12:20:00,279 - instagram_scraper.app - WARNING - Failed to get media details for BcYPt2Plmr6
2018-01-18 12:20:00,702 - instagram_scraper.app - WARNING - Failed to get media details for BcYPt46Fh8o
2018-01-18 12:20:01,045 - instagram_scraper.app - WARNING - Failed to get media details for BcYPt7YlO1E
2018-01-18 12:20:03,110 - instagram_scraper.app - WARNING - Failed to get media details for Bbm8nxlFPr0
2018-01-18 12:20:03,522 - instagram_scraper.app - WARNING - Failed to get media details for Bbm8oL8FEa4
2018-01-18 12:20:03,931 - instagram_scraper.app - WARNING - Failed to get media details for Bbm8oLElxr4
2018-01-18 12:20:05,482 - instagram_scraper.app - WARNING - Failed to get media details for Bbm8oeaFnM-
2018-01-18 12:20:05,911 - instagram_scraper.app - WARNING - Failed to get media details for Bbm8oz-F_4T
2018-01-18 12:20:06,303 - instagram_scraper.app - WARNING - Failed to get media details for Bbm8o_JlS2N
2018-01-18 12:20:06,839 - instagram_scraper.app - WARNING - Failed to get media details for Bbm26gtlAj9
2018-01-18 12:20:07,240 - instagram_scraper.app - WARNING - Failed to get media details for Bbm26i7FolS
2018-01-18 12:20:07,593 - instagram_scraper.app - WARNING - Failed to get media details for Bbm26JVFH8I
2018-01-18 12:20:08,452 - instagram_scraper.app - WARNING - Failed to get media details for BbiFnw-FkXi
2018-01-18 12:20:08,821 - instagram_scraper.app - WARNING - Failed to get media details for BbiFnq_FrPl
2018-01-18 12:20:09,247 - instagram_scraper.app - WARNING - Failed to get media details for BbiFnuHl7Yb
2018-01-18 12:20:09,846 - instagram_scraper.app - WARNING - Failed to get media details for BbftqC-F6ly
2018-01-18 12:20:10,193 - instagram_scraper.app - WARNING - Failed to get media details for Bbftqg7F141
2018-01-18 12:20:11,016 - instagram_scraper.app - WARNING - Failed to get media details for Bbftqg8FW7s
2018-01-18 12:20:11,526 - instagram_scraper.app - WARNING - Failed to get media details for BbfsFA0lPjD
2018-01-18 12:20:11,853 - instagram_scraper.app - WARNING - Failed to get media details for BbfsFHPlsB8
2018-01-18 12:20:12,559 - instagram_scraper.app - WARNING - Failed to get media details for BbcmXqolKKp
2018-01-18 12:20:12,915 - instagram_scraper.app - WARNING - Failed to get media details for BbcmXynFNcd
2018-01-18 12:20:13,349 - instagram_scraper.app - WARNING - Failed to get media details for BbcmXyUFGW2
2018-01-18 12:20:14,439 - instagram_scraper.app - WARNING - Failed to get media details for BbS59Mxl8K6
2018-01-18 12:20:14,861 - instagram_scraper.app - WARNING - Failed to get media details for BbS59ULF48c
2018-01-18 12:20:15,253 - instagram_scraper.app - WARNING - Failed to get media details for BbS59VqlfzN
2018-01-18 12:20:15,634 - instagram_scraper.app - WARNING - Failed to get media details for BbS59fQFOHd
2018-01-18 12:20:15,994 - instagram_scraper.app - WARNING - Failed to get media details for BbS59ftFPYh
2018-01-18 12:20:16,355 - instagram_scraper.app - WARNING - Failed to get media details for BbS59dMFqRu
2018-01-18 12:20:18,120 - instagram_scraper.app - WARNING - Failed to get media details for BbCuqDElmqg
2018-01-18 12:20:18,485 - instagram_scraper.app - WARNING - Failed to get media details for BbCuqKSlLKe
2018-01-18 12:20:18,825 - instagram_scraper.app - WARNING - Failed to get media details for BbCuqGElvHG
2018-01-18 12:20:20,327 - instagram_scraper.app - WARNING - Failed to get media details for Ba5Dgn9lOcs
2018-01-18 12:20:20,648 - instagram_scraper.app - WARNING - Failed to get media details for Ba5Dg6cl8xt
2018-01-18 12:20:26,167 - instagram_scraper.app - WARNING - Retry after exception PartialContentException('Partial response',) on https://scontent-ort2-1.cdninstagram.com/t51.2885-19/10598451_132729780435296_1995219513_a.jpg
2018-01-18 12:20:29,195 - instagram_scraper.app - WARNING - Failed to get media details for BdYPAh_BKJk
2018-01-18 12:20:29,790 - instagram_scraper.app - WARNING - Failed to get media details for BdYPArlBH1H
2018-01-18 12:20:30,362 - instagram_scraper.app - WARNING - Failed to get media details for BdYPAzwB7PD
2018-01-18 12:20:30,947 - instagram_scraper.app - WARNING - Failed to get media details for BdYPA-Ch9Lr
2018-01-18 12:20:32,269 - instagram_scraper.app - WARNING - Failed to get media details for Bc8ExSrBs3b
2018-01-18 12:20:32,974 - instagram_scraper.app - WARNING - Failed to get media details for Bc8ExZHBJyd
2018-01-18 12:20:33,666 - instagram_scraper.app - WARNING - Failed to get media details for Bc8ExfjBXWi
2018-01-18 12:20:34,383 - instagram_scraper.app - WARNING - Failed to get media details for Bc8Exn8h64n
2018-01-18 12:20:35,015 - instagram_scraper.app - WARNING - Failed to get media details for Bc8ExuwBpYQ
2018-01-18 12:20:35,710 - instagram_scraper.app - WARNING - Failed to get media details for Bc8Ex4dBVl9
2018-01-18 12:20:39,068 - instagram_scraper.app - WARNING - Failed to get media details for BbTZMD7BUqx
2018-01-18 12:20:39,695 - instagram_scraper.app - WARNING - Failed to get media details for BbTZMK2hg_m
2018-01-18 12:20:40,337 - instagram_scraper.app - WARNING - Failed to get media details for BbTZMSmh3kl
2018-01-18 12:20:41,437 - instagram_scraper.app - WARNING - Failed to get media details for BbGnOA4hJQq
2018-01-18 12:20:41,968 - instagram_scraper.app - WARNING - Failed to get media details for BbGnOKkBm7S
2018-01-18 12:20:42,506 - instagram_scraper.app - WARNING - Failed to get media details for BbGnOTLBWfL
2018-01-18 12:20:43,409 - instagram_scraper.app - WARNING - Failed to get media details for BafH43DhMwx
2018-01-18 12:20:44,453 - instagram_scraper.app - WARNING - Failed to get media details for BafH5UyhTfI
2018-01-18 12:20:45,100 - instagram_scraper.app - WARNING - Failed to get media details for BafH5WLBf5c
2018-01-18 12:20:46,959 - instagram_scraper.app - WARNING - Failed to get media details for BZKZwfIBWBR
2018-01-18 12:20:47,279 - instagram_scraper.app - WARNING - Failed to get media details for BZKZzP8BjJM
2018-01-18 12:20:47,698 - instagram_scraper.app - WARNING - Failed to get media details for BZKZzQJhYyL
2018-01-18 12:20:48,144 - instagram_scraper.app - WARNING - Failed to get media details for BZKZy1bBBGY
2018-01-18 12:20:49,547 - instagram_scraper.app - WARNING - Failed to get media details for BYg1nA2hmWw
2018-01-18 12:20:50,032 - instagram_scraper.app - WARNING - Failed to get media details for BYg1nMgB3pJ
2018-01-18 12:20:50,499 - instagram_scraper.app - WARNING - Failed to get media details for BYg1nafBaok
2018-01-18 12:20:51,026 - instagram_scraper.app - WARNING - Failed to get media details for BYg1nkph177
2018-01-18 12:20:51,575 - instagram_scraper.app - WARNING - Failed to get media details for BYg1nwpBIQA
2018-01-18 12:20:51,920 - instagram_scraper.app - WARNING - Failed to get media details for BYg1n8khFhm
2018-01-18 12:20:52,301 - instagram_scraper.app - WARNING - Failed to get media details for BYg1oJmhXHm
2018-01-18 12:20:54,673 - instagram_scraper.app - WARNING - Failed to get media details for BXiqJdmBkSl
2018-01-18 12:20:55,055 - instagram_scraper.app - WARNING - Failed to get media details for BXiqJplBrPy
2018-01-18 12:20:55,862 - instagram_scraper.app - WARNING - Failed to get media details for BXO_nfrBkiO
2018-01-18 12:20:56,238 - instagram_scraper.app - WARNING - Failed to get media details for BXO_noShPj-
2018-01-18 12:20:56,569 - instagram_scraper.app - WARNING - Failed to get media details for BXO_n0Whk6Q
2018-01-18 12:20:57,459 - instagram_scraper.app - WARNING - Failed to get media details for BW9Rig3B42K
2018-01-18 12:20:57,785 - instagram_scraper.app - WARNING - Failed to get media details for BW9RinFhS1J
2018-01-18 12:20:58,893 - instagram_scraper.app - WARNING - Failed to get media details for BVTPa76hFKq
2018-01-18 12:20:59,307 - instagram_scraper.app - WARNING - Failed to get media details for BVTPaXaBWK1
2018-01-18 12:20:59,692 - instagram_scraper.app - WARNING - Failed to get media details for BVTPa6chXnb
2018-01-18 12:21:00,030 - instagram_scraper.app - WARNING - Failed to get media details for BVTPa5IBjPS
2018-01-18 12:21:00,422 - instagram_scraper.app - WARNING - Failed to get media details for BVTPbXUB_-r
2018-01-18 12:21:00,783 - instagram_scraper.app - WARNING - Failed to get media details for BVTPbxZBvW-
2018-01-18 12:21:01,115 - instagram_scraper.app - WARNING - Failed to get media details for BVTPb6tBYDS
2018-01-18 12:21:01,444 - instagram_scraper.app - WARNING - Failed to get media details for BVTPb5vBxO9
2018-01-18 12:21:02,369 - instagram_scraper.app - WARNING - Failed to get media details for BVF5GZJhVIT
2018-01-18 12:21:02,777 - instagram_scraper.app - WARNING - Failed to get media details for BVF5GihBXc8
2018-01-18 12:21:04,382 - instagram_scraper.app - WARNING - Failed to get media details for BULI9ZLhmwF
2018-01-18 12:21:04,705 - instagram_scraper.app - WARNING - Failed to get media details for BULI9ipB0wt
2018-01-18 12:21:05,054 - instagram_scraper.app - WARNING - Failed to get media details for BULI9tIhSUr
2018-01-18 12:21:20,443 - instagram_scraper.app - WARNING - Failed to get media details for BcDyUgcA1v7
2018-01-18 12:21:20,785 - instagram_scraper.app - WARNING - Failed to get media details for BcDyUmwA4yl
2018-01-18 12:21:21,098 - instagram_scraper.app - WARNING - Failed to get media details for BcDyUrqgkof
2018-01-18 12:21:53,272 - instagram_scraper.app - WARNING - Retry after exception PartialContentException('Partial response',) on https://scontent-ort2-1.cdninstagram.com/t51.2885-19/17818673_1680129578947900_1582023913259401216_a.jpg
2018-01-18 12:22:01,224 - instagram_scraper.app - WARNING - Failed to get media details for BSnrXCpDYOK
2018-01-18 12:22:01,570 - instagram_scraper.app - WARNING - Failed to get media details for BSnrXJfD6qB
2018-01-18 12:22:01,908 - instagram_scraper.app - WARNING - Failed to get media details for BSnrXSMjT04
2018-01-18 12:22:02,240 - instagram_scraper.app - WARNING - Failed to get media details for BSnrXYoDPkY
2018-01-18 12:22:02,579 - instagram_scraper.app - WARNING - Failed to get media details for BSnrXgfjbMW
2018-01-18 12:22:12,723 - instagram_scraper.app - WARNING - Retry after exception PartialContentException('Partial response',) on https://scontent-ort2-1.cdninstagram.com/t51.2885-19/14597379_138608953283464_6771175903905972224_a.jpg
2018-01-18 12:22:16,039 - instagram_scraper.app - WARNING - Failed to get media details for BcaUoMeAvci
2018-01-18 12:22:16,378 - instagram_scraper.app - WARNING - Failed to get media details for BcaUoSig-iL
2018-01-18 12:22:21,274 - instagram_scraper.app - WARNING - Failed to get media details for BXTzZIUACLM
2018-01-18 12:22:21,620 - instagram_scraper.app - WARNING - Failed to get media details for BXTzZq2ArEr
2018-01-18 12:22:21,961 - instagram_scraper.app - WARNING - Failed to get media details for BXTzZqGApXt
2018-01-18 12:22:22,277 - instagram_scraper.app - WARNING - Failed to get media details for BXTzaFkgTFy
2018-01-18 12:22:37,120 - instagram_scraper.app - WARNING - Failed to get media details for Bd5nAgaFwaT
2018-01-18 12:22:37,902 - instagram_scraper.app - WARNING - Failed to get media details for Bd5nAqPltg3
2018-01-18 12:22:38,772 - instagram_scraper.app - WARNING - Failed to get media details for Bd5nAptlUaK
2018-01-18 12:22:51,137 - instagram_scraper.app - WARNING - Failed to get media details for BZ_vHnqFJc5
2018-01-18 12:22:51,540 - instagram_scraper.app - WARNING - Failed to get media details for BZ_vPTUlk3b
2018-01-18 12:22:51,954 - instagram_scraper.app - WARNING - Failed to get media details for BZ_vQbMl2XZ
2018-01-18 12:22:52,365 - instagram_scraper.app - WARNING - Failed to get media details for BZ_vNQxl3cw
2018-01-18 12:22:52,842 - instagram_scraper.app - WARNING - Failed to get media details for BZ_vRM8lNza
2018-01-18 12:22:53,245 - instagram_scraper.app - WARNING - Failed to get media details for BZ_vQyNFmQw
2018-01-18 12:22:53,653 - instagram_scraper.app - WARNING - Failed to get media details for BZ_vTGlFR0a
2018-01-18 12:23:04,706 - instagram_scraper.app - WARNING - Failed to get media details for BeEq8woH4pX
2018-01-18 12:23:05,607 - instagram_scraper.app - WARNING - Failed to get media details for BeEq87pHEOt
2018-01-18 12:23:20,800 - instagram_scraper.app - WARNING - Failed to get media details for Bc_XyX8nO00
2018-01-18 12:23:21,148 - instagram_scraper.app - WARNING - Failed to get media details for Bc_XygrHQYh
2018-01-18 12:23:21,471 - instagram_scraper.app - WARNING - Failed to get media details for Bc_Xylynmba
2018-01-18 12:23:27,514 - instagram_scraper.app - WARNING - Failed to get media details for Bc8XpR-Awro
2018-01-18 12:23:27,825 - instagram_scraper.app - WARNING - Failed to get media details for Bc8Xpq3AZC8
2018-01-18 12:23:28,269 - instagram_scraper.app - WARNING - Failed to get media details for Bc8XpsngRZl
2018-01-18 12:23:29,018 - instagram_scraper.app - WARNING - Failed to get media details for Bchz49UAwtr
2018-01-18 12:23:29,343 - instagram_scraper.app - WARNING - Failed to get media details for Bchz4_eArWc
2018-01-18 12:23:30,518 - instagram_scraper.app - WARNING - Failed to get media details for BbXr51xANPA
2018-01-18 12:23:30,813 - instagram_scraper.app - WARNING - Failed to get media details for BbXr6OEAuGF
2018-01-18 12:23:32,474 - instagram_scraper.app - WARNING - Failed to get media details for BamMo0OAdxW
2018-01-18 12:23:32,883 - instagram_scraper.app - WARNING - Failed to get media details for BamMo3fgFFs
2018-01-18 12:23:33,197 - instagram_scraper.app - WARNING - Failed to get media details for BamMpBFgeTm
2018-01-18 12:23:35,490 - instagram_scraper.app - WARNING - Failed to get media details for BY_s0AsAqNf
2018-01-18 12:23:35,807 - instagram_scraper.app - WARNING - Failed to get media details for BY_s0Utg13L
2018-01-18 12:23:37,652 - instagram_scraper.app - WARNING - Failed to get media details for BYdm_mSgH1C
2018-01-18 12:23:38,175 - instagram_scraper.app - WARNING - Failed to get media details for BYdm_xoAleG
2018-01-18 12:23:44,554 - instagram_scraper.app - WARNING - Failed to get media details for BV05-f6Av0W
2018-01-18 12:23:44,870 - instagram_scraper.app - WARNING - Failed to get media details for BV05-jAAeFo
2018-01-18 12:23:55,476 - instagram_scraper.app - WARNING - Failed to get media details for BdEYKu3Dxb3
2018-01-18 12:23:56,092 - instagram_scraper.app - WARNING - Failed to get media details for BdEYK2RDXAL
2018-01-18 12:24:03,173 - instagram_scraper.app - WARNING - Failed to get media details for BUs3BjhDg6y
2018-01-18 12:24:04,529 - instagram_scraper.app - WARNING - Failed to get media details for BUs3BtsDDHC
2018-01-18 12:24:10,908 - instagram_scraper.app - WARNING - Failed to get media details for BUlRfnGDHoX
2018-01-18 12:24:11,226 - instagram_scraper.app - WARNING - Failed to get media details for BUlRfutDRpn
2018-01-18 12:24:11,615 - instagram_scraper.app - WARNING - Failed to get media details for BUlRfsgjgDe
2018-01-18 12:24:15,733 - instagram_scraper.app - WARNING - Failed to get media details for BUks-07D9vR
2018-01-18 12:24:16,085 - instagram_scraper.app - WARNING - Failed to get media details for BUks-3ZjV1e
2018-01-18 12:24:16,423 - instagram_scraper.app - WARNING - Failed to get media details for BUks-2YDy5A
2018-01-18 12:24:18,347 - instagram_scraper.app - WARNING - Retry after exception HTTPError('403 Client Error: Forbidden for url: https://scontent-ort2-1.cdninstagram.com/vp/a049068ec3ac16a3ce60b6f163c89f66/5AF7F6ED/t51.2885-15/e35/18722068_133915517168999_9009104643967418368_n.jpg',) on https://scontent-ort2-1.cdninstagram.com/vp/a049068ec3ac16a3ce60b6f163c89f66/5AF7F6ED/t51.2885-15/e35/18722068_133915517168999_9009104643967418368_n.jpg
2018-01-18 12:24:23,518 - instagram_scraper.app - WARNING - Retry after exception HTTPError('403 Client Error: Forbidden for url: https://scontent-ort2-1.cdninstagram.com/vp/a049068ec3ac16a3ce60b6f163c89f66/5AF7F6ED/t51.2885-15/e35/18722068_133915517168999_9009104643967418368_n.jpg',) on https://scontent-ort2-1.cdninstagram.com/vp/a049068ec3ac16a3ce60b6f163c89f66/5AF7F6ED/t51.2885-15/e35/18722068_133915517168999_9009104643967418368_n.jpg
2018-01-18 12:24:33,629 - instagram_scraper.app - WARNING - Retry after exception HTTPError('403 Client Error: Forbidden for url: https://scontent-ort2-1.cdninstagram.com/vp/a049068ec3ac16a3ce60b6f163c89f66/5AF7F6ED/t51.2885-15/e35/18722068_133915517168999_9009104643967418368_n.jpg',) on https://scontent-ort2-1.cdninstagram.com/vp/a049068ec3ac16a3ce60b6f163c89f66/5AF7F6ED/t51.2885-15/e35/18722068_133915517168999_9009104643967418368_n.jpg
2018-01-18 12:24:53,843 - instagram_scraper.app - WARNING - Retry after exception HTTPError('403 Client Error: Forbidden for url: https://scontent-ort2-1.cdninstagram.com/vp/a049068ec3ac16a3ce60b6f163c89f66/5AF7F6ED/t51.2885-15/e35/18722068_133915517168999_9009104643967418368_n.jpg',) on https://scontent-ort2-1.cdninstagram.com/vp/a049068ec3ac16a3ce60b6f163c89f66/5AF7F6ED/t51.2885-15/e35/18722068_133915517168999_9009104643967418368_n.jpg
2018-01-18 12:25:34,039 - instagram_scraper.app - WARNING - Retry after exception HTTPError('403 Client Error: Forbidden for url: https://scontent-ort2-1.cdninstagram.com/vp/a049068ec3ac16a3ce60b6f163c89f66/5AF7F6ED/t51.2885-15/e35/18722068_133915517168999_9009104643967418368_n.jpg',) on https://scontent-ort2-1.cdninstagram.com/vp/a049068ec3ac16a3ce60b6f163c89f66/5AF7F6ED/t51.2885-15/e35/18722068_133915517168999_9009104643967418368_n.jpg
2018-01-18 12:26:34,404 - instagram_scraper.app - INFO - The user has chosen to ignore https://scontent-ort2-1.cdninstagram.com/vp/a049068ec3ac16a3ce60b6f163c89f66/5AF7F6ED/t51.2885-15/e35/18722068_133915517168999_9009104643967418368_n.jpg
2018-01-18 12:26:57,883 - instagram_scraper.app - WARNING - Failed to get media details for BeGXwIEFau5
2018-01-18 12:26:58,210 - instagram_scraper.app - WARNING - Failed to get media details for BeGXxcoFcv5
2018-01-18 12:26:59,439 - instagram_scraper.app - WARNING - Failed to get media details for BeD_vWblZ-D
2018-01-18 12:26:59,792 - instagram_scraper.app - WARNING - Failed to get media details for BeD_wL1FKcx
2018-01-18 12:27:00,394 - instagram_scraper.app - WARNING - Failed to get media details for BeDzZ32F4Ot
2018-01-18 12:27:00,747 - instagram_scraper.app - WARNING - Failed to get media details for BeDzaxAlKO4
2018-01-18 12:27:01,337 - instagram_scraper.app - WARNING - Failed to get media details for BeDzaufl0iG
2018-01-18 12:27:01,737 - instagram_scraper.app - WARNING - Failed to get media details for BeDzavjl8OU
2018-01-18 12:27:02,095 - instagram_scraper.app - WARNING - Failed to get media details for BeDza19F8aX
2018-01-18 12:27:02,485 - instagram_scraper.app - WARNING - Failed to get media details for BeDzaypFur9
2018-01-18 12:27:02,832 - instagram_scraper.app - WARNING - Failed to get media details for BeDzafyljz6
2018-01-18 12:27:04,111 - instagram_scraper.app - WARNING - Failed to get media details for BeB_fjsFogc
2018-01-18 12:27:04,474 - instagram_scraper.app - WARNING - Failed to get media details for BeB_gP6lFf_
2018-01-18 12:27:05,298 - instagram_scraper.app - WARNING - Failed to get media details for BeBabhDlM6S
2018-01-18 12:27:05,639 - instagram_scraper.app - WARNING - Failed to get media details for BeBab1Zl3cY
2018-01-18 12:27:06,372 - instagram_scraper.app - WARNING - Failed to get media details for Bd4Ayj8F2PX
2018-01-18 12:27:06,733 - instagram_scraper.app - WARNING - Failed to get media details for Bd4A0GQlwYi
2018-01-18 12:27:08,534 - instagram_scraper.app - WARNING - Failed to get media details for Bd0fR5DlnIb
2018-01-18 12:27:08,905 - instagram_scraper.app - WARNING - Failed to get media details for Bd0fTCWles-
2018-01-18 12:27:10,833 - instagram_scraper.app - WARNING - Failed to get media details for BdvVDFUljC-
2018-01-18 12:27:11,189 - instagram_scraper.app - WARNING - Failed to get media details for BdvVDR2FMoV
2018-01-18 12:27:12,947 - instagram_scraper.app - WARNING - Failed to get media details for Bdll6p0F0G9
2018-01-18 12:27:13,278 - instagram_scraper.app - WARNING - Failed to get media details for Bdll73Rla3f
2018-01-18 12:27:14,981 - instagram_scraper.app - WARNING - Failed to get media details for Bdii73qFf1K
2018-01-18 12:27:15,348 - instagram_scraper.app - WARNING - Failed to get media details for Bdii79elGBY
2018-01-18 12:27:20,146 - instagram_scraper.app - WARNING - Failed to get media details for Bc8LRG6lOLa
2018-01-18 12:27:20,507 - instagram_scraper.app - WARNING - Failed to get media details for Bc8LRaxFtaN
2018-01-18 12:27:22,250 - instagram_scraper.app - WARNING - Failed to get media details for BcsRAaRFPqc
2018-01-18 12:27:22,566 - instagram_scraper.app - WARNING - Failed to get media details for BcsRAbdF8QQ
2018-01-18 12:27:23,429 - instagram_scraper.app - WARNING - Failed to get media details for BcqDZV3Fp0V
2018-01-18 12:27:23,969 - instagram_scraper.app - WARNING - Failed to get media details for BcqDZlJFUY1
2018-01-18 12:27:25,082 - instagram_scraper.app - WARNING - Failed to get media details for BcTp3ZRFCyv
2018-01-18 12:27:25,424 - instagram_scraper.app - WARNING - Failed to get media details for BcTp-aBlXZK
2018-01-18 12:27:26,632 - instagram_scraper.app - WARNING - Failed to get media details for BcLXGBVlHOp
2018-01-18 12:27:27,016 - instagram_scraper.app - WARNING - Failed to get media details for BcLXGIalPvo
2018-01-18 12:27:27,354 - instagram_scraper.app - WARNING - Failed to get media details for BcLXGKBFvBS
2018-01-18 12:27:27,777 - instagram_scraper.app - WARNING - Failed to get media details for BcLXGC9l5zH
2018-01-18 12:27:28,152 - instagram_scraper.app - WARNING - Failed to get media details for BcLXGP_lnVM
2018-01-18 12:27:28,520 - instagram_scraper.app - WARNING - Failed to get media details for BcLXGQgFW3h
2018-01-18 12:27:28,896 - instagram_scraper.app - WARNING - Failed to get media details for BcLXGWvlwOl
2018-01-18 12:27:35,180 - instagram_scraper.app - WARNING - Retry after exception PartialContentException('Partial response',) on https://scontent-ort2-1.cdninstagram.com/t51.2885-19/12748446_552968124871539_1405285654_a.jpg
2018-01-18 12:27:41,144 - instagram_scraper.app - WARNING - Failed to get media details for BbsHfXjlSK1
2018-01-18 12:27:41,732 - instagram_scraper.app - WARNING - Failed to get media details for BbsHfnulUOq
2018-01-18 12:27:42,350 - instagram_scraper.app - WARNING - Failed to get media details for BbsHfmEF9_a
2018-01-18 12:27:42,976 - instagram_scraper.app - WARNING - Failed to get media details for BbsHfnsF25c
2018-01-18 12:27:45,302 - instagram_scraper.app - WARNING - Failed to get media details for BbGwTXel_AO
2018-01-18 12:27:45,984 - instagram_scraper.app - WARNING - Failed to get media details for BbGwTgdFoWI
2018-01-18 12:27:46,585 - instagram_scraper.app - WARNING - Failed to get media details for BbGwTqaFuKr
2018-01-18 12:27:47,352 - instagram_scraper.app - WARNING - Failed to get media details for BbGwTzOF9c4
2018-01-18 12:27:48,062 - instagram_scraper.app - WARNING - Failed to get media details for BbGwT7nlFb7
2018-01-18 12:27:50,710 - instagram_scraper.app - WARNING - Failed to get media details for BaeyixzlVV4
2018-01-18 12:27:51,250 - instagram_scraper.app - WARNING - Failed to get media details for Baeyi24Fh98
2018-01-18 12:27:51,872 - instagram_scraper.app - WARNING - Failed to get media details for Baeyi_UFdoV
2018-01-18 12:27:54,816 - instagram_scraper.app - WARNING - Failed to get media details for BZePNfZlNsC
2018-01-18 12:27:55,472 - instagram_scraper.app - WARNING - Failed to get media details for BZePNtplrL2
2018-01-18 12:27:56,114 - instagram_scraper.app - WARNING - Failed to get media details for BZePNzBF7HH
2018-01-18 12:27:56,601 - instagram_scraper.app - WARNING - Failed to get media details for BZePN40lCWB
2018-01-18 12:27:57,310 - instagram_scraper.app - WARNING - Failed to get media details for BZaiTTGlhCG
2018-01-18 12:27:57,800 - instagram_scraper.app - WARNING - Failed to get media details for BZaiTbyFOSE
2018-01-18 12:27:58,352 - instagram_scraper.app - WARNING - Failed to get media details for BZaiTmyljd0
2018-01-18 12:27:59,666 - instagram_scraper.app - WARNING - Failed to get media details for BZKJB7WFa66
2018-01-18 12:28:00,242 - instagram_scraper.app - WARNING - Failed to get media details for BZKJCfUFQCF
2018-01-18 12:28:00,852 - instagram_scraper.app - WARNING - Failed to get media details for BZKJCNDFwqb
2018-01-18 12:28:04,191 - instagram_scraper.app - WARNING - Failed to get media details for BYTfghrF-gm
2018-01-18 12:28:04,740 - instagram_scraper.app - WARNING - Failed to get media details for BYTfguslvnJ
2018-01-18 12:28:05,104 - instagram_scraper.app - WARNING - Failed to get media details for BYTfguLFMci
2018-01-18 12:28:06,501 - instagram_scraper.app - WARNING - Failed to get media details for BYCP9V0la67
2018-01-18 12:28:06,849 - instagram_scraper.app - WARNING - Failed to get media details for BYCP8GBlHuM
2018-01-18 12:28:07,191 - instagram_scraper.app - WARNING - Failed to get media details for BYCP_I9lCDv
2018-01-18 12:28:07,901 - instagram_scraper.app - WARNING - Failed to get media details for BX1CUcVlaxh
2018-01-18 12:28:08,301 - instagram_scraper.app - WARNING - Failed to get media details for BX1CUhoF1zw
2018-01-18 12:28:08,721 - instagram_scraper.app - WARNING - Failed to get media details for BX1CUn9l0Cd
2018-01-18 12:28:09,161 - instagram_scraper.app - WARNING - Failed to get media details for BX1CUukFbcM
2018-01-18 12:28:11,410 - instagram_scraper.app - WARNING - Failed to get media details for BX1CUzNlNcg
2018-01-18 12:28:11,806 - instagram_scraper.app - WARNING - Failed to get media details for BX1CU5vFPiL
2018-01-18 12:28:12,373 - instagram_scraper.app - WARNING - Failed to get media details for BXvX9aclgJ8
2018-01-18 12:28:12,790 - instagram_scraper.app - WARNING - Failed to get media details for BXvX9kElrNu
2018-01-18 12:28:13,171 - instagram_scraper.app - WARNING - Failed to get media details for BXvX9vKFU2r
2018-01-18 12:28:13,590 - instagram_scraper.app - WARNING - Failed to get media details for BXvX91_lpkU
2018-01-18 12:28:14,114 - instagram_scraper.app - WARNING - Failed to get media details for BXqVKmulNle
2018-01-18 12:28:14,584 - instagram_scraper.app - WARNING - Failed to get media details for BXqVKwxF70E
2018-01-18 12:28:15,484 - instagram_scraper.app - WARNING - Failed to get media details for BXjKGEHl6vK
2018-01-18 12:28:15,881 - instagram_scraper.app - WARNING - Failed to get media details for BXjKGZaFxwT
2018-01-18 12:28:16,233 - instagram_scraper.app - WARNING - Failed to get media details for BXjKGu7FgXy
2018-01-18 12:28:16,822 - instagram_scraper.app - WARNING - Failed to get media details for BXdORBylUuW
2018-01-18 12:28:17,524 - instagram_scraper.app - WARNING - Failed to get media details for BXdOQyiFd6C
2018-01-18 12:28:18,844 - instagram_scraper.app - WARNING - Failed to get media details for BXKLGg5lkDe
2018-01-18 12:28:19,350 - instagram_scraper.app - WARNING - Failed to get media details for BXKLGuwlRo3
2018-01-18 12:28:19,733 - instagram_scraper.app - WARNING - Failed to get media details for BXKLGsOlIsw
2018-01-18 12:28:20,133 - instagram_scraper.app - WARNING - Failed to get media details for BXKLG6zFG8X
2018-01-18 12:28:21,151 - instagram_scraper.app - WARNING - Failed to get media details for BW4MpmBlDwf
2018-01-18 12:28:21,485 - instagram_scraper.app - WARNING - Failed to get media details for BW4Mp0hlh3r
2018-01-18 12:28:33,751 - instagram_scraper.app - WARNING - Failed to get media details for Bd7yFyynoDn
2018-01-18 12:28:34,131 - instagram_scraper.app - WARNING - Failed to get media details for Bd7yF7XH0-L
2018-01-18 12:28:35,742 - instagram_scraper.app - WARNING - Failed to get media details for BdvI-KuHoO1
2018-01-18 12:28:36,331 - instagram_scraper.app - WARNING - Failed to get media details for BdvI-SsnCun
2018-01-18 12:28:45,828 - instagram_scraper.app - WARNING - Failed to get media details for Bc2QtRXHAWi
2018-01-18 12:28:46,172 - instagram_scraper.app - WARNING - Failed to get media details for Bc2QtabnvY5
2018-01-18 12:28:46,494 - instagram_scraper.app - WARNING - Failed to get media details for Bc2QtjvHLnp
2018-01-18 12:28:48,529 - instagram_scraper.app - WARNING - Failed to get media details for BcvFAhtHDfH
2018-01-18 12:28:49,232 - instagram_scraper.app - WARNING - Failed to get media details for BcvFA9lHY39
2018-01-18 12:29:02,100 - instagram_scraper.app - WARNING - Failed to get media details for BeBR3HJlHnR
2018-01-18 12:29:02,431 - instagram_scraper.app - WARNING - Failed to get media details for BeBRsyZlbXz
2018-01-18 12:29:03,358 - instagram_scraper.app - WARNING - Failed to get media details for Bba4goflNHN
2018-01-18 12:29:03,751 - instagram_scraper.app - WARNING - Failed to get media details for Bba4gufFO5C
2018-01-18 12:29:04,219 - instagram_scraper.app - WARNING - Failed to get media details for Bba4guOFadS
2018-01-18 12:29:04,966 - instagram_scraper.app - WARNING - Failed to get media details for BbR5B5glfnz
2018-01-18 12:29:05,312 - instagram_scraper.app - WARNING - Failed to get media details for BbR5EyhlZPq
2018-01-18 12:29:06,281 - instagram_scraper.app - WARNING - Failed to get media details for BarmX-DlyTY
2018-01-18 12:29:06,582 - instagram_scraper.app - WARNING - Failed to get media details for BarmlSXFUG8
2018-01-18 12:29:07,074 - instagram_scraper.app - WARNING - Failed to get media details for BarHehllpcX
2018-01-18 12:29:07,486 - instagram_scraper.app - WARNING - Failed to get media details for BarHmk4lRQr
2018-01-18 12:29:08,030 - instagram_scraper.app - WARNING - Failed to get media details for BZ6IdsaFXku
2018-01-18 12:29:08,343 - instagram_scraper.app - WARNING - Failed to get media details for BZ6IRyvF4gK
2018-01-18 12:29:08,680 - instagram_scraper.app - WARNING - Failed to get media details for BZ6IhY3lqWR
2018-01-18 12:29:09,485 - instagram_scraper.app - WARNING - Failed to get media details for BZgdn5KlD_K
2018-01-18 12:29:09,798 - instagram_scraper.app - WARNING - Failed to get media details for BZgdwNOFRHR
2018-01-18 12:29:10,656 - instagram_scraper.app - WARNING - Failed to get media details for BZHb3RpFX-v
2018-01-18 12:29:10,999 - instagram_scraper.app - WARNING - Failed to get media details for BZHb3NIFTRf
2018-01-18 12:29:11,607 - instagram_scraper.app - WARNING - Failed to get media details for BY9JIfnlLta
2018-01-18 12:29:11,963 - instagram_scraper.app - WARNING - Failed to get media details for BY9I80rFq_Y
2018-01-18 12:29:12,339 - instagram_scraper.app - WARNING - Failed to get media details for BY9I85Llk9L
2018-01-18 12:29:13,639 - instagram_scraper.app - WARNING - Failed to get media details for BYD1DasF2jk
2018-01-18 12:29:14,066 - instagram_scraper.app - WARNING - Failed to get media details for BYD0oJLF2PI
2018-01-18 12:29:14,405 - instagram_scraper.app - WARNING - Failed to get media details for BYD1IpJlBmd
2018-01-18 12:29:14,893 - instagram_scraper.app - WARNING - Failed to get media details for BX-0yh5lSk5
2018-01-18 12:29:15,210 - instagram_scraper.app - WARNING - Failed to get media details for BX-04VYlAWN
2018-01-18 12:29:15,556 - instagram_scraper.app - WARNING - Failed to get media details for BX-0yxGldAb
2018-01-18 12:29:16,153 - instagram_scraper.app - WARNING - Failed to get media details for BX7GLD9FVUO
2018-01-18 12:29:16,535 - instagram_scraper.app - WARNING - Failed to get media details for BX7GLLel1Qm
2018-01-18 12:29:16,862 - instagram_scraper.app - WARNING - Failed to get media details for BX7GLSsF2XM
2018-01-18 12:29:18,683 - instagram_scraper.app - WARNING - Failed to get media details for BVqZwrslTZe
2018-01-18 12:29:19,046 - instagram_scraper.app - WARNING - Failed to get media details for BVqZxCBlFOZ
2018-01-18 12:29:19,398 - instagram_scraper.app - WARNING - Failed to get media details for BVqZwpCFqV7
2018-01-18 12:29:19,957 - instagram_scraper.app - WARNING - Failed to get media details for BVm25pSlHzP
2018-01-18 12:29:20,602 - instagram_scraper.app - WARNING - Failed to get media details for BVm3JY4FlUY
2018-01-18 12:29:21,327 - instagram_scraper.app - WARNING - Failed to get media details for BVmm019laER
2018-01-18 12:29:21,645 - instagram_scraper.app - WARNING - Failed to get media details for BVmm07flGie
2018-01-18 12:29:22,043 - instagram_scraper.app - WARNING - Failed to get media details for BVmm1dbFpL0
2018-01-18 12:29:22,376 - instagram_scraper.app - WARNING - Failed to get media details for BVmnLNmF2gm
2018-01-18 12:29:23,320 - instagram_scraper.app - WARNING - Failed to get media details for BUQwQlLl4N9
2018-01-18 12:29:23,658 - instagram_scraper.app - WARNING - Failed to get media details for BUQwSt6lZHk
2018-01-18 12:29:23,981 - instagram_scraper.app - WARNING - Failed to get media details for BUQwPIIFnEz
2018-01-18 12:29:24,604 - instagram_scraper.app - WARNING - Failed to get media details for BUNIrMmFk7v
2018-01-18 12:29:24,943 - instagram_scraper.app - WARNING - Failed to get media details for BUNIrPwFV_R
2018-01-18 12:29:25,287 - instagram_scraper.app - WARNING - Failed to get media details for BUNIracFj-Y
2018-01-18 12:29:25,647 - instagram_scraper.app - WARNING - Failed to get media details for BUNIrZ9FE7c
2018-01-18 12:29:26,951 - instagram_scraper.app - WARNING - Failed to get media details for BT2g439F8B1
2018-01-18 12:29:27,332 - instagram_scraper.app - WARNING - Failed to get media details for BT2g5CIlBDY
2018-01-18 12:29:27,648 - instagram_scraper.app - WARNING - Failed to get media details for BT2hEeVFWdp
2018-01-18 12:29:28,006 - instagram_scraper.app - WARNING - Failed to get media details for BT2g5LFlL3h
2018-01-18 12:29:28,376 - instagram_scraper.app - WARNING - Failed to get media details for BT2g5TJlNay
2018-01-18 12:29:29,541 - instagram_scraper.app - WARNING - Failed to get media details for BTrVd8BlYOY
2018-01-18 12:29:29,938 - instagram_scraper.app - WARNING - Failed to get media details for BTrVeEyFxMo
2018-01-18 12:29:31,661 - instagram_scraper.app - WARNING - Failed to get media details for BTrV8lrFH0Z
2018-01-18 12:29:32,684 - instagram_scraper.app - WARNING - Failed to get media details for BS3eJWPlp5l
2018-01-18 12:29:33,038 - instagram_scraper.app - WARNING - Failed to get media details for BS3eJd6l25Y
2018-01-18 12:29:33,392 - instagram_scraper.app - WARNING - Failed to get media details for BS3eJmoFyDP
2018-01-18 12:29:33,788 - instagram_scraper.app - WARNING - Failed to get media details for BS3eJx2lwGp
2018-01-18 12:29:34,171 - instagram_scraper.app - WARNING - Failed to get media details for BS3ed-6FXxc
2018-01-18 12:29:36,033 - instagram_scraper.app - WARNING - Failed to get media details for BSbb0eEhtyz
2018-01-18 12:29:36,358 - instagram_scraper.app - WARNING - Failed to get media details for BSbb0lhBa5Q
2018-01-18 12:29:36,817 - instagram_scraper.app - WARNING - Failed to get media details for BSbbEBUhDig
2018-01-18 12:29:37,118 - instagram_scraper.app - WARNING - Failed to get media details for BSbbRJUBwAU
2018-01-18 12:29:43,005 - instagram_scraper.app - WARNING - Failed to get media details for BRTRkvchuJg
2018-01-18 12:29:43,343 - instagram_scraper.app - WARNING - Failed to get media details for BRTRIsXBs1h
2018-01-18 12:29:44,051 - instagram_scraper.app - WARNING - Failed to get media details for BRTRJFUh7d1
2018-01-18 12:29:44,476 - instagram_scraper.app - WARNING - Failed to get media details for BRTRnGShGkc
2018-01-18 12:29:46,956 - instagram_scraper.app - WARNING - Retry after exception HTTPError('403 Client Error: Forbidden for url: https://scontent-ort2-1.cdninstagram.com/vp/268e94e3c054e119e782de80f4cf9c73/5ADCE8C9/t51.2885-15/e35/25015649_791199711075469_767711969502298112_n.jpg',) on https://scontent-ort2-1.cdninstagram.com/vp/268e94e3c054e119e782de80f4cf9c73/5ADCE8C9/t51.2885-15/e35/25015649_791199711075469_767711969502298112_n.jpg
2018-01-18 12:29:48,999 - instagram_scraper.app - WARNING - Retry after exception HTTPError('403 Client Error: Forbidden for url: https://scontent-ort2-1.cdninstagram.com/vp/842e705c9080db3372a56a3ae817c943/5AF01D3A/t51.2885-15/e35/21909337_512509552435455_1476146720235585536_n.jpg',) on https://scontent-ort2-1.cdninstagram.com/vp/842e705c9080db3372a56a3ae817c943/5AF01D3A/t51.2885-15/e35/21909337_512509552435455_1476146720235585536_n.jpg
2018-01-18 12:29:52,069 - instagram_scraper.app - WARNING - Retry after exception HTTPError('403 Client Error: Forbidden for url: https://scontent-ort2-1.cdninstagram.com/vp/268e94e3c054e119e782de80f4cf9c73/5ADCE8C9/t51.2885-15/e35/25015649_791199711075469_767711969502298112_n.jpg',) on https://scontent-ort2-1.cdninstagram.com/vp/268e94e3c054e119e782de80f4cf9c73/5ADCE8C9/t51.2885-15/e35/25015649_791199711075469_767711969502298112_n.jpg
2018-01-18 12:29:54,268 - instagram_scraper.app - WARNING - Retry after exception HTTPError('403 Client Error: Forbidden for url: https://scontent-ort2-1.cdninstagram.com/vp/842e705c9080db3372a56a3ae817c943/5AF01D3A/t51.2885-15/e35/21909337_512509552435455_1476146720235585536_n.jpg',) on https://scontent-ort2-1.cdninstagram.com/vp/842e705c9080db3372a56a3ae817c943/5AF01D3A/t51.2885-15/e35/21909337_512509552435455_1476146720235585536_n.jpg
2018-01-18 12:30:02,322 - instagram_scraper.app - WARNING - Retry after exception HTTPError('403 Client Error: Forbidden for url: https://scontent-ort2-1.cdninstagram.com/vp/268e94e3c054e119e782de80f4cf9c73/5ADCE8C9/t51.2885-15/e35/25015649_791199711075469_767711969502298112_n.jpg',) on https://scontent-ort2-1.cdninstagram.com/vp/268e94e3c054e119e782de80f4cf9c73/5ADCE8C9/t51.2885-15/e35/25015649_791199711075469_767711969502298112_n.jpg
2018-01-18 12:30:04,572 - instagram_scraper.app - WARNING - Retry after exception HTTPError('403 Client Error: Forbidden for url: https://scontent-ort2-1.cdninstagram.com/vp/842e705c9080db3372a56a3ae817c943/5AF01D3A/t51.2885-15/e35/21909337_512509552435455_1476146720235585536_n.jpg',) on https://scontent-ort2-1.cdninstagram.com/vp/842e705c9080db3372a56a3ae817c943/5AF01D3A/t51.2885-15/e35/21909337_512509552435455_1476146720235585536_n.jpg
2018-01-18 12:30:22,456 - instagram_scraper.app - WARNING - Retry after exception HTTPError('403 Client Error: Forbidden for url: https://scontent-ort2-1.cdninstagram.com/vp/268e94e3c054e119e782de80f4cf9c73/5ADCE8C9/t51.2885-15/e35/25015649_791199711075469_767711969502298112_n.jpg',) on https://scontent-ort2-1.cdninstagram.com/vp/268e94e3c054e119e782de80f4cf9c73/5ADCE8C9/t51.2885-15/e35/25015649_791199711075469_767711969502298112_n.jpg
2018-01-18 12:30:24,725 - instagram_scraper.app - WARNING - Retry after exception HTTPError('403 Client Error: Forbidden for url: https://scontent-ort2-1.cdninstagram.com/vp/842e705c9080db3372a56a3ae817c943/5AF01D3A/t51.2885-15/e35/21909337_512509552435455_1476146720235585536_n.jpg',) on https://scontent-ort2-1.cdninstagram.com/vp/842e705c9080db3372a56a3ae817c943/5AF01D3A/t51.2885-15/e35/21909337_512509552435455_1476146720235585536_n.jpg
2018-01-18 12:31:02,754 - instagram_scraper.app - WARNING - Retry after exception HTTPError('403 Client Error: Forbidden for url: https://scontent-ort2-1.cdninstagram.com/vp/268e94e3c054e119e782de80f4cf9c73/5ADCE8C9/t51.2885-15/e35/25015649_791199711075469_767711969502298112_n.jpg',) on https://scontent-ort2-1.cdninstagram.com/vp/268e94e3c054e119e782de80f4cf9c73/5ADCE8C9/t51.2885-15/e35/25015649_791199711075469_767711969502298112_n.jpg
2018-01-18 12:31:04,906 - instagram_scraper.app - WARNING - Retry after exception HTTPError('403 Client Error: Forbidden for url: https://scontent-ort2-1.cdninstagram.com/vp/842e705c9080db3372a56a3ae817c943/5AF01D3A/t51.2885-15/e35/21909337_512509552435455_1476146720235585536_n.jpg',) on https://scontent-ort2-1.cdninstagram.com/vp/842e705c9080db3372a56a3ae817c943/5AF01D3A/t51.2885-15/e35/21909337_512509552435455_1476146720235585536_n.jpg
2018-01-18 12:32:03,079 - instagram_scraper.app - INFO - The user has chosen to ignore https://scontent-ort2-1.cdninstagram.com/vp/268e94e3c054e119e782de80f4cf9c73/5ADCE8C9/t51.2885-15/e35/25015649_791199711075469_767711969502298112_n.jpg
2018-01-18 12:32:05,168 - instagram_scraper.app - INFO - The user has chosen to ignore https://scontent-ort2-1.cdninstagram.com/vp/842e705c9080db3372a56a3ae817c943/5AF01D3A/t51.2885-15/e35/21909337_512509552435455_1476146720235585536_n.jpg
2018-01-18 12:32:12,636 - instagram_scraper.app - WARNING - Failed to get media details for BcYSf8UgW8b
2018-01-18 12:32:12,985 - instagram_scraper.app - WARNING - Failed to get media details for BcYSgIfgRmS
2018-01-18 12:32:14,476 - instagram_scraper.app - WARNING - Failed to get media details for BcFfEbWgF9Y
2018-01-18 12:32:14,854 - instagram_scraper.app - WARNING - Failed to get media details for BcFfEJCghRW
2018-01-18 12:32:15,304 - instagram_scraper.app - WARNING - Failed to get media details for BcFfEP9ATHr
2018-01-18 12:32:18,541 - instagram_scraper.app - WARNING - Failed to get media details for Ba7pQmrguWB
2018-01-18 12:32:18,940 - instagram_scraper.app - WARNING - Failed to get media details for Ba7pQF9AiYp
2018-01-18 12:32:19,450 - instagram_scraper.app - WARNING - Failed to get media details for Ba60lsDg7ao
2018-01-18 12:32:19,802 - instagram_scraper.app - WARNING - Failed to get media details for Ba60l2wApbk
2018-01-18 12:32:21,800 - instagram_scraper.app - WARNING - Failed to get media details for Bar5c0ZAtA7
2018-01-18 12:32:22,134 - instagram_scraper.app - WARNING - Failed to get media details for Bar5bdhAL83
2018-01-18 12:32:27,117 - instagram_scraper.app - WARNING - Failed to get media details for BZ5Ie98AEKf
2018-01-18 12:32:27,786 - instagram_scraper.app - WARNING - Failed to get media details for BZ5IfAMgEKq
2018-01-18 12:32:29,925 - instagram_scraper.app - WARNING - Failed to get media details for BZTvRMnAzdW
2018-01-18 12:32:30,277 - instagram_scraper.app - WARNING - Failed to get media details for BZTvRRkgZvV
2018-01-18 12:32:30,612 - instagram_scraper.app - WARNING - Failed to get media details for BZTvRa4AYWV
2018-01-18 12:32:30,980 - instagram_scraper.app - WARNING - Failed to get media details for BZTvRhYgpX0
2018-01-18 12:32:56,458 - instagram_scraper.app - WARNING - Failed to get media details for BZWamk5gv5y
2018-01-18 12:32:56,801 - instagram_scraper.app - WARNING - Failed to get media details for BZWalIHgDzX
2018-01-18 12:32:57,277 - instagram_scraper.app - WARNING - Failed to get media details for BZWam3XAvta
2018-01-18 12:32:57,633 - instagram_scraper.app - WARNING - Failed to get media details for BZWaqF-As-7
2018-01-18 12:32:57,955 - instagram_scraper.app - WARNING - Failed to get media details for BZWatlWg1D_
2018-01-18 12:32:58,317 - instagram_scraper.app - WARNING - Failed to get media details for BZWatlegeXW
2018-01-18 12:33:09,169 - instagram_scraper.app - WARNING - Retry after exception PartialContentException('Partial response',) on https://scontent-ort2-1.cdninstagram.com/t51.2885-19/12940873_1120489504680578_204084474_a.jpg
2018-01-18 12:33:18,200 - instagram_scraper.app - WARNING - Retry after exception PartialContentException('Partial response',) on https://scontent-ort2-1.cdninstagram.com/t51.2885-19/12750334_239378009730234_2077018213_a.jpg
2018-01-18 12:33:21,188 - instagram_scraper.app - WARNING - Failed to get media details for Bd_FeVwFS-r
2018-01-18 12:33:21,516 - instagram_scraper.app - WARNING - Failed to get media details for Bd_FeYllrvw
2018-01-18 12:33:25,047 - instagram_scraper.app - WARNING - Failed to get media details for BdNi_cgFBKz
2018-01-18 12:33:25,388 - instagram_scraper.app - WARNING - Failed to get media details for BdNi_oJFBMI
2018-01-18 12:33:35,146 - instagram_scraper.app - WARNING - Failed to get media details for Bbfc41dlYXr
2018-01-18 12:33:35,547 - instagram_scraper.app - WARNING - Failed to get media details for Bbfc5N5Fak0
2018-01-18 12:33:36,613 - instagram_scraper.app - WARNING - Failed to get media details for BbXdauGlVaj
2018-01-18 12:33:36,947 - instagram_scraper.app - WARNING - Failed to get media details for BbXdavOl5gk
2018-01-18 12:33:37,261 - instagram_scraper.app - WARNING - Failed to get media details for BbXdawJlRQs
2018-01-18 12:33:37,720 - instagram_scraper.app - WARNING - Failed to get media details for BbXccb9Fmv7
2018-01-18 12:33:38,080 - instagram_scraper.app - WARNING - Failed to get media details for BbXccdJFa48
2018-01-18 12:33:39,092 - instagram_scraper.app - WARNING - Failed to get media details for BbPqp6rFJBE
2018-01-18 12:33:39,400 - instagram_scraper.app - WARNING - Failed to get media details for BbPqp-dF1YH
2018-01-18 12:33:41,412 - instagram_scraper.app - WARNING - Retry after exception PartialContentException('Partial response',) on https://scontent-ort2-1.cdninstagram.com/t51.2885-19/15538863_940541186077220_3233763417839894528_a.jpg
2018-01-18 12:33:44,802 - instagram_scraper.app - WARNING - Failed to get media details for BbXQmNflQjA
2018-01-18 12:33:45,195 - instagram_scraper.app - WARNING - Failed to get media details for BbXQmThFj94
2018-01-18 12:33:45,514 - instagram_scraper.app - WARNING - Failed to get media details for BbXQmWCFtrV
2018-01-18 12:33:46,252 - instagram_scraper.app - WARNING - Failed to get media details for BbXQmZ-FJq8
2018-01-18 12:33:51,936 - instagram_scraper.app - WARNING - Failed to get media details for BUa3uA1lCi0
2018-01-18 12:33:52,246 - instagram_scraper.app - WARNING - Failed to get media details for BUa3uD7FlNJ
2018-01-18 12:33:52,620 - instagram_scraper.app - WARNING - Failed to get media details for BUa3uPelglz
